<?xml version="1.0" encoding="UTF-8"?><finrptTemplate xmlns:xsi="http://www.w3.org/2001/XMLSchema-instance" name="Top_Ten_Customer_Listing" shortDesc="Top_Ten_Customer_Listing" xsi:noNamespaceSchemaLocation="http://www.infosys.com/finacle/fss/schema/metadata/finrpt/finrpt.xsd">
	<custValData>
		<inputRepositories>
			<repository name="BANCS" userFriendlyName="Bancs">
				<reposClass name="FINRPTCRIT" userFriendlyName="FINRPT Criteria Fields">
					<reposField name="P_vi_loanType" userFriendlyName="Loan_type">
						<description>Loan_type</description>
					</reposField>
					<reposField name="P_vi_Due_Date" userFriendlyName="Due_date">
						<description>Due_date</description>
					</reposField>
				</reposClass>
			</repository>
		</inputRepositories>
		<outputRepositories/>
	</custValData>
	<custReposData>
		<inputRepositories/>
		<outputRepositories/>
	</custReposData>
	<defPopData>
		<inputRepositories/>
		<outputRepositories>
			<repository name="BANCS" userFriendlyName="Bancs">
				<reposClass name="FINRPTDEF" userFriendlyName="Default Population Parameters">
					<reposField name="P_vi_loanType" userFriendlyName="Loan_type">
						<description>Loan_type</description>
					</reposField>
					<reposField name="P_vi_Due_Date" userFriendlyName="Due_date">
						<description>Due_date</description>
					</reposField>
				</reposClass>
			</repository>
		</outputRepositories>
	</defPopData>
</finrptTemplate>
