<?xml version="1.0" encoding="UTF-8"?><finrptTemplate xmlns:xsi="http://www.w3.org/2001/XMLSchema-instance" name="FCY_ACCOUNT_OPENING" shortDesc="FCY_ACCOUNT_OPENING" xsi:noNamespaceSchemaLocation="http://www.infosys.com/finacle/fss/schema/metadata/finrpt/finrpt.xsd">
	<custValData>
		<inputRepositories>
			<repository name="BANCS" userFriendlyName="Bancs">
				<reposClass name="FINRPTCRIT" userFriendlyName="FINRPT Criteria Fields">
					<reposField name="EndDate" userFriendlyName="End Date">
						<description>End Date</description>
					</reposField>
					<reposField name="StartDate" userFriendlyName="Start Date">
						<description>Start Date</description>
					</reposField>
					<reposField name="BranchCode" userFriendlyName="Branch Code">
						<description>Branch Code</description>
					</reposField>
				</reposClass>
			</repository>
		</inputRepositories>
		<outputRepositories/>
	</custValData>
	<custReposData>
		<inputRepositories/>
		<outputRepositories/>
	</custReposData>
	<defPopData>
		<inputRepositories/>
		<outputRepositories>
			<repository name="BANCS" userFriendlyName="Bancs">
				<reposClass name="FINRPTDEF" userFriendlyName="Default Population Parameters">
					<reposField name="EndDate" userFriendlyName="End Date">
						<description>End Date</description>
					</reposField>
					<reposField name="StartDate" userFriendlyName="Start Date">
						<description>Start Date</description>
					</reposField>
					<reposField name="BranchCode" userFriendlyName="Branch Code">
						<description>Branch Code</description>
					</reposField>
				</reposClass>
			</repository>
		</outputRepositories>
	</defPopData>
</finrptTemplate>
