<?xml version="1.0" encoding="UTF-8"?><finrptTemplate xmlns:xsi="http://www.w3.org/2001/XMLSchema-instance" name="Gl_Balance" shortDesc="Gl_Balance" xsi:noNamespaceSchemaLocation="http://www.infosys.com/finacle/fss/schema/metadata/finrpt/finrpt.xsd">
	<custValData>
		<inputRepositories>
			<repository name="BANCS" userFriendlyName="Bancs">
				<reposClass name="FINRPTCRIT" userFriendlyName="FINRPT Criteria Fields">
					<reposField name="P_vi_TranDate" userFriendlyName="Tran_Date">
						<description>Tran_Date</description>
					</reposField>
					<reposField name="P_vi_acct_id" userFriendlyName="Account_id">
						<description>Account_id</description>
					</reposField>
					<reposField name="P_vi_BranchCode" userFriendlyName="Branch Code">
						<description>Branch Code</description>
					</reposField>
				</reposClass>
			</repository>
		</inputRepositories>
		<outputRepositories/>
	</custValData>
	<custReposData>
		<inputRepositories/>
		<outputRepositories/>
	</custReposData>
	<defPopData>
		<inputRepositories/>
		<outputRepositories>
			<repository name="BANCS" userFriendlyName="Bancs">
				<reposClass name="FINRPTDEF" userFriendlyName="Default Population Parameters">
					<reposField name="P_vi_TranDate" userFriendlyName="Tran_Date">
						<description>Tran_Date</description>
					</reposField>
					<reposField name="P_vi_acct_id" userFriendlyName="Account_id">
						<description>Account_id</description>
					</reposField>
					<reposField name="P_vi_BranchCode" userFriendlyName="Branch Code">
						<description>Branch Code</description>
					</reposField>
				</reposClass>
			</repository>
		</outputRepositories>
	</defPopData>
</finrptTemplate>
